app/build/intermediates/manifest_merge_blame_file/debug/processDebugMainManifest/manifest-merger-blame-debug-report.txt
1<?xml version="1.0" encoding="utf-8"?>
2<manifest xmlns:android="http://schemas.android.com/apk/res/android"
3    package="com.example.tenniscounter"
4    android:versionCode="1"
5    android:versionName="1.0" >
6
7    <uses-sdk
8        android:minSdkVersion="30"
9        android:targetSdkVersion="34" />
10
11    <uses-feature android:name="android.hardware.type.watch" />
11-->src\main\AndroidManifest.xml:4:5-64
11-->src\main\AndroidManifest.xml:4:19-61
12
13    <permission
13-->[androidx.core:core:1.13.0] AndroidManifest.xml:22:5-24:47
14        android:name="com.example.tenniscounter.DYNAMIC_RECEIVER_NOT_EXPORTED_PERMISSION"
14-->[androidx.core:core:1.13.0] AndroidManifest.xml:23:9-81
15        android:protectionLevel="signature" />
15-->[androidx.core:core:1.13.0] AndroidManifest.xml:24:9-44
16
17    <uses-permission android:name="com.example.tenniscounter.DYNAMIC_RECEIVER_NOT_EXPORTED_PERMISSION" />
17-->[androidx.core:core:1.13.0] AndroidManifest.xml:26:5-97
17-->[androidx.core:core:1.13.0] AndroidManifest.xml:26:22-94
18
19    <application
19-->src\main\AndroidManifest.xml:6:5-21:19
20        android:allowBackup="true"
20-->src\main\AndroidManifest.xml:7:9-35
21        android:appComponentFactory="androidx.core.app.CoreComponentFactory"
21-->[androidx.core:core:1.13.0] AndroidManifest.xml:28:18-86
22        android:debuggable="true"
23        android:extractNativeLibs="false"
24        android:icon="@android:drawable/ic_dialog_info"
24-->src\main\AndroidManifest.xml:8:9-56
25        android:label="@string/app_name"
25-->src\main\AndroidManifest.xml:9:9-41
26        android:supportsRtl="true"
26-->src\main\AndroidManifest.xml:10:9-35
27        android:testOnly="true"
28        android:theme="@style/Theme.TennisCounter" >
28-->src\main\AndroidManifest.xml:11:9-51
29        <activity
29-->src\main\AndroidManifest.xml:12:9-20:20
30            android:name="com.example.tenniscounter.MainActivity"
30-->src\main\AndroidManifest.xml:13:13-41
31            android:exported="true" >
31-->src\main\AndroidManifest.xml:14:13-36
32            <intent-filter>
32-->src\main\AndroidManifest.xml:15:13-19:29
33                <action android:name="android.intent.action.MAIN" />
33-->src\main\AndroidManifest.xml:16:17-69
33-->src\main\AndroidManifest.xml:16:25-66
34
35                <category android:name="android.intent.category.LAUNCHER" />
35-->src\main\AndroidManifest.xml:18:17-77
35-->src\main\AndroidManifest.xml:18:27-74
36            </intent-filter>
37        </activity>
38
39        <uses-library
39-->[androidx.wear:wear:1.3.0] AndroidManifest.xml:23:9-25:40
40            android:name="com.google.android.wearable"
40-->[androidx.wear:wear:1.3.0] AndroidManifest.xml:24:13-55
41            android:required="false" />
41-->[androidx.wear:wear:1.3.0] AndroidManifest.xml:25:13-37
42
43        <provider
43-->[androidx.emoji2:emoji2:1.3.0] AndroidManifest.xml:24:9-32:20
44            android:name="androidx.startup.InitializationProvider"
44-->[androidx.emoji2:emoji2:1.3.0] AndroidManifest.xml:25:13-67
45            android:authorities="com.example.tenniscounter.androidx-startup"
45-->[androidx.emoji2:emoji2:1.3.0] AndroidManifest.xml:26:13-68
46            android:exported="false" >
46-->[androidx.emoji2:emoji2:1.3.0] AndroidManifest.xml:27:13-37
47            <meta-data
47-->[androidx.emoji2:emoji2:1.3.0] AndroidManifest.xml:29:13-31:52
48                android:name="androidx.emoji2.text.EmojiCompatInitializer"
48-->[androidx.emoji2:emoji2:1.3.0] AndroidManifest.xml:30:17-75
49                android:value="androidx.startup" />
49-->[androidx.emoji2:emoji2:1.3.0] AndroidManifest.xml:31:17-49
50            <meta-data
50-->[androidx.lifecycle:lifecycle-process:2.8.5] AndroidManifest.xml:29:13-31:52
51                android:name="androidx.lifecycle.ProcessLifecycleInitializer"
51-->[androidx.lifecycle:lifecycle-process:2.8.5] AndroidManifest.xml:30:17-78
52                android:value="androidx.startup" />
52-->[androidx.lifecycle:lifecycle-process:2.8.5] AndroidManifest.xml:31:17-49
53            <meta-data
53-->[androidx.profileinstaller:profileinstaller:1.3.1] AndroidManifest.xml:29:13-31:52
54                android:name="androidx.profileinstaller.ProfileInstallerInitializer"
54-->[androidx.profileinstaller:profileinstaller:1.3.1] AndroidManifest.xml:30:17-85
55                android:value="androidx.startup" />
55-->[androidx.profileinstaller:profileinstaller:1.3.1] AndroidManifest.xml:31:17-49
56        </provider>
57
58        <receiver
58-->[androidx.profileinstaller:profileinstaller:1.3.1] AndroidManifest.xml:34:9-52:20
59            android:name="androidx.profileinstaller.ProfileInstallReceiver"
59-->[androidx.profileinstaller:profileinstaller:1.3.1] AndroidManifest.xml:35:13-76
60            android:directBootAware="false"
60-->[androidx.profileinstaller:profileinstaller:1.3.1] AndroidManifest.xml:36:13-44
61            android:enabled="true"
61-->[androidx.profileinstaller:profileinstaller:1.3.1] AndroidManifest.xml:37:13-35
62            android:exported="true"
62-->[androidx.profileinstaller:profileinstaller:1.3.1] AndroidManifest.xml:38:13-36
63            android:permission="android.permission.DUMP" >
63-->[androidx.profileinstaller:profileinstaller:1.3.1] AndroidManifest.xml:39:13-57
64            <intent-filter>
64-->[androidx.profileinstaller:profileinstaller:1.3.1] AndroidManifest.xml:40:13-42:29
65                <action android:name="androidx.profileinstaller.action.INSTALL_PROFILE" />
65-->[androidx.profileinstaller:profileinstaller:1.3.1] AndroidManifest.xml:41:17-91
65-->[androidx.profileinstaller:profileinstaller:1.3.1] AndroidManifest.xml:41:25-88
66            </intent-filter>
67            <intent-filter>
67-->[androidx.profileinstaller:profileinstaller:1.3.1] AndroidManifest.xml:43:13-45:29
68                <action android:name="androidx.profileinstaller.action.SKIP_FILE" />
68-->[androidx.profileinstaller:profileinstaller:1.3.1] AndroidManifest.xml:44:17-85
68-->[androidx.profileinstaller:profileinstaller:1.3.1] AndroidManifest.xml:44:25-82
69            </intent-filter>
70            <intent-filter>
70-->[androidx.profileinstaller:profileinstaller:1.3.1] AndroidManifest.xml:46:13-48:29
71                <action android:name="androidx.profileinstaller.action.SAVE_PROFILE" />
71-->[androidx.profileinstaller:profileinstaller:1.3.1] AndroidManifest.xml:47:17-88
71-->[androidx.profileinstaller:profileinstaller:1.3.1] AndroidManifest.xml:47:25-85
72            </intent-filter>
73            <intent-filter>
73-->[androidx.profileinstaller:profileinstaller:1.3.1] AndroidManifest.xml:49:13-51:29
74                <action android:name="androidx.profileinstaller.action.BENCHMARK_OPERATION" />
74-->[androidx.profileinstaller:profileinstaller:1.3.1] AndroidManifest.xml:50:17-95
74-->[androidx.profileinstaller:profileinstaller:1.3.1] AndroidManifest.xml:50:25-92
75            </intent-filter>
76        </receiver>
77    </application>
78
79</manifest>